<?xml version="1.0" encoding="UTF-8"?>
<testsuite xmlns:xsi="http://www.w3.org/2001/XMLSchema-instance" xsi:noNamespaceSchemaLocation="https://maven.apache.org/surefire/maven-surefire-plugin/xsd/surefire-test-report.xsd" name="ba.unsa.etf.rpr.ExpressionEvaluatorTest" time="0.092" tests="11" errors="0" skipped="0" failures="0">
  <properties>
[...]
</properties>
  <testcase name="evaluateException" classname="ba.unsa.etf.rpr.ExpressionEvaluatorTest" time="0.044"/>
  <testcase name="evaluateMinus" classname="ba.unsa.etf.rpr.ExpressionEvaluatorTest" time="0.01"/>
  <testcase name="evaluateMultiply" classname="ba.unsa.etf.rpr.ExpressionEvaluatorTest" time="0"/>
  <testcase name="evaluateEmptyValStack" classname="ba.unsa.etf.rpr.ExpressionEvaluatorTest" time="0.001"/>
  <testcase name="evaluateDivide" classname="ba.unsa.etf.rpr.ExpressionEvaluatorTest" time="0.002"/>
  <testcase name="evaluatePlus" classname="ba.unsa.etf.rpr.ExpressionEvaluatorTest" time="0.002"/>
  <testcase name="evaluateSqrt" classname="ba.unsa.etf.rpr.ExpressionEvaluatorTest" time="0.002"/>
  <testcase name="evaluateMultipleOperators2" classname="ba.unsa.etf.rpr.ExpressionEvaluatorTest" time="0.001"/>
  <testcase name="evaluateInputMismatchException" classname="ba.unsa.etf.rpr.ExpressionEvaluatorTest" time="0.001"/>
  <testcase name="evaluateMultipleOperators" classname="ba.unsa.etf.rpr.ExpressionEvaluatorTest" time="0.001"/>
  <testcase name="evaluateWrongNumberInput" classname="ba.unsa.etf.rpr.ExpressionEvaluatorTest" time="0.001"/>
</testsuite>